<?xml version="1.0" encoding="UTF-8"?>
<!-- Generated by org.testng.reporters.JUnitReportReporter -->
<testsuite hostname="DESKTOP-7VUM97D" failures="0" tests="2" name="apiTestCases.createPlace" time="7.099" errors="0" timestamp="2023-08-28T13:38:41 IST" skipped="0">
  <testcase classname="apiTestCases.createPlace" name="createNewPlaceOnGoogle" time="5.407"/>
  <testcase classname="apiTestCases.createPlace" name="updatedata" time="1.692"/>
</testsuite> <!-- apiTestCases.createPlace -->
